<?xml version="1.0" encoding="UTF-8"?>
<!-- Generated by org.testng.reporters.JUnitXMLReporter -->
<testsuite ignored="0" hostname="DESKTOP-GKFK12K" failures="0" tests="4" name="Test" time="51.282" errors="0" timestamp="2022-11-03T22:23:15 IST">
  <testcase classname="com.saucedemo.testClasses.TestCasesAll" name="TC02_VerifyLogout" time="0.299"/>
  <testcase classname="com.saucedemo.testClasses.TestCasesAll" name="TC01_VerifyLogin" time="0.012"/>
  <testcase classname="com.saucedemo.testClasses.TestCasesAll" name="TC03_VerifyBagProductAddedtoCart" time="0.147"/>
  <testcase classname="com.saucedemo.testClasses.TestCasesAll" name="TC04_Verify_allTheProductAddedtoCart" time="0.528"/>
</testsuite> <!-- Test -->
