<?xml version="1.0" encoding="UTF-8"?>
<testng-results ignored="0" total="4" passed="4" failed="0" skipped="0">
  <reporter-output>
  </reporter-output>
  <suite started-at="2022-11-03T22:22:24 IST" name="Suite" finished-at="2022-11-03T22:23:15 IST" duration-ms="51282">
    <groups>
    </groups>
    <test started-at="2022-11-03T22:22:24 IST" name="Test" finished-at="2022-11-03T22:23:15 IST" duration-ms="51282">
      <class name="com.saucedemo.testClasses.TestCasesAll">
        <test-method is-config="true" signature="setUp()[pri:0, instance:com.saucedemo.testClasses.TestCasesAll@41fecb8b]" started-at="2022-11-03T22:22:24 IST" name="setUp" finished-at="2022-11-03T22:22:38 IST" duration-ms="14282" status="PASS">
          <reporter-output>
          </reporter-output>
        </test-method> <!-- setUp -->
        <test-method signature="TC02_VerifyLogout()[pri:-1, instance:com.saucedemo.testClasses.TestCasesAll@41fecb8b]" started-at="2022-11-03T22:22:38 IST" name="TC02_VerifyLogout" finished-at="2022-11-03T22:22:38 IST" duration-ms="299" status="PASS">
          <reporter-output>
          </reporter-output>
        </test-method> <!-- TC02_VerifyLogout -->
        <test-method is-config="true" signature="tearDown()[pri:0, instance:com.saucedemo.testClasses.TestCasesAll@41fecb8b]" started-at="2022-11-03T22:22:38 IST" name="tearDown" finished-at="2022-11-03T22:22:39 IST" duration-ms="573" status="PASS">
          <reporter-output>
          </reporter-output>
        </test-method> <!-- tearDown -->
        <test-method is-config="true" signature="setUp()[pri:0, instance:com.saucedemo.testClasses.TestCasesAll@41fecb8b]" started-at="2022-11-03T22:22:39 IST" name="setUp" finished-at="2022-11-03T22:22:51 IST" duration-ms="12269" status="PASS">
          <reporter-output>
          </reporter-output>
        </test-method> <!-- setUp -->
        <test-method signature="TC01_VerifyLogin()[pri:0, instance:com.saucedemo.testClasses.TestCasesAll@41fecb8b]" started-at="2022-11-03T22:22:51 IST" name="TC01_VerifyLogin" finished-at="2022-11-03T22:22:51 IST" duration-ms="12" status="PASS">
          <reporter-output>
          </reporter-output>
        </test-method> <!-- TC01_VerifyLogin -->
        <test-method is-config="true" signature="tearDown()[pri:0, instance:com.saucedemo.testClasses.TestCasesAll@41fecb8b]" started-at="2022-11-03T22:22:51 IST" name="tearDown" finished-at="2022-11-03T22:22:51 IST" duration-ms="193" status="PASS">
          <reporter-output>
          </reporter-output>
        </test-method> <!-- tearDown -->
        <test-method is-config="true" signature="setUp()[pri:0, instance:com.saucedemo.testClasses.TestCasesAll@41fecb8b]" started-at="2022-11-03T22:22:51 IST" name="setUp" finished-at="2022-11-03T22:23:05 IST" duration-ms="13800" status="PASS">
          <reporter-output>
          </reporter-output>
        </test-method> <!-- setUp -->
        <test-method signature="TC03_VerifyBagProductAddedtoCart()[pri:2, instance:com.saucedemo.testClasses.TestCasesAll@41fecb8b]" started-at="2022-11-03T22:23:05 IST" name="TC03_VerifyBagProductAddedtoCart" finished-at="2022-11-03T22:23:05 IST" duration-ms="147" status="PASS">
          <reporter-output>
          </reporter-output>
        </test-method> <!-- TC03_VerifyBagProductAddedtoCart -->
        <test-method is-config="true" signature="tearDown()[pri:0, instance:com.saucedemo.testClasses.TestCasesAll@41fecb8b]" started-at="2022-11-03T22:23:05 IST" name="tearDown" finished-at="2022-11-03T22:23:06 IST" duration-ms="327" status="PASS">
          <reporter-output>
          </reporter-output>
        </test-method> <!-- tearDown -->
        <test-method is-config="true" signature="setUp()[pri:0, instance:com.saucedemo.testClasses.TestCasesAll@41fecb8b]" started-at="2022-11-03T22:23:06 IST" name="setUp" finished-at="2022-11-03T22:23:14 IST" duration-ms="8515" status="PASS">
          <reporter-output>
          </reporter-output>
        </test-method> <!-- setUp -->
        <test-method signature="TC04_Verify_allTheProductAddedtoCart()[pri:3, instance:com.saucedemo.testClasses.TestCasesAll@41fecb8b]" started-at="2022-11-03T22:23:14 IST" name="TC04_Verify_allTheProductAddedtoCart" finished-at="2022-11-03T22:23:15 IST" duration-ms="528" status="PASS">
          <reporter-output>
          </reporter-output>
        </test-method> <!-- TC04_Verify_allTheProductAddedtoCart -->
        <test-method is-config="true" signature="tearDown()[pri:0, instance:com.saucedemo.testClasses.TestCasesAll@41fecb8b]" started-at="2022-11-03T22:23:15 IST" name="tearDown" finished-at="2022-11-03T22:23:15 IST" duration-ms="248" status="PASS">
          <reporter-output>
          </reporter-output>
        </test-method> <!-- tearDown -->
      </class> <!-- com.saucedemo.testClasses.TestCasesAll -->
    </test> <!-- Test -->
  </suite> <!-- Suite -->
</testng-results>
